<?xml version="1.0" encoding="UTF-8"?>
<!-- Generated by org.testng.reporters.JUnitXMLReporter -->
<testsuite ignored="0" hostname="DESKTOP-4DEEQQQ" failures="0" tests="9" name="PIMPageTest" time="75.212" errors="0" timestamp="2022-04-28T14:35:39 IST">
  <testcase classname="com.TestLayer.PIMPageTest" name="@BeforeClass setUp" time="74.846">
    <failure type="java.lang.NumberFormatException" message="Cannot parse null string">
      <![CDATA[java.lang.NumberFormatException: Cannot parse null string
at java.base/java.lang.Integer.parseInt(Integer.java:630)
at java.base/java.lang.Integer.parseInt(Integer.java:786)
at com.BaseLayer.BaseClass.initialization(BaseClass.java:30)
at com.TestLayer.PIMPageTest.setUp(PIMPageTest.java:18)
at java.base/java.util.ArrayList.forEach(ArrayList.java:1511)
... Removed 25 stack frames]]>
    </failure>
  </testcase> <!-- @BeforeClass setUp -->
  <testcase classname="com.TestLayer.PIMPageTest" name="@AfterClass tearDown" time="0.0">
    <skipped/>
  </testcase> <!-- @AfterClass tearDown -->
  <testcase classname="com.TestLayer.PIMPageTest" name="loginFunctionality" time="0.0">
    <skipped/>
  </testcase> <!-- loginFunctionality -->
  <testcase classname="com.TestLayer.PIMPageTest" name="validateHomePageTitle" time="0.0">
    <skipped/>
  </testcase> <!-- validateHomePageTitle -->
  <testcase classname="com.TestLayer.PIMPageTest" name="validateHomePageUrl" time="0.0">
    <skipped/>
  </testcase> <!-- validateHomePageUrl -->
  <testcase classname="com.TestLayer.PIMPageTest" name="validateHomePagelogo" time="0.001">
    <skipped/>
  </testcase> <!-- validateHomePagelogo -->
  <testcase classname="com.TestLayer.PIMPageTest" name="validateHomePagePIMPage" time="0.001">
    <skipped/>
  </testcase> <!-- validateHomePagePIMPage -->
  <testcase classname="com.TestLayer.PIMPageTest" name="validateCreateNewUserFunctionality" time="0.0">
    <skipped/>
  </testcase> <!-- validateCreateNewUserFunctionality -->
  <testcase classname="com.TestLayer.PIMPageTest" name="validateMorePersonalInformation" time="0.0">
    <skipped/>
  </testcase> <!-- validateMorePersonalInformation -->
  <testcase classname="com.TestLayer.PIMPageTest" name="validateJobDetailFunctionality" time="0.0">
    <skipped/>
  </testcase> <!-- validateJobDetailFunctionality -->
  <testcase classname="com.TestLayer.PIMPageTest" name="validateUserandDelete" time="0.0">
    <skipped/>
  </testcase> <!-- validateUserandDelete -->
</testsuite> <!-- PIMPageTest -->
