<?xml version="1.0" encoding="UTF-8"?>
<testng-results ignored="0" total="18" passed="17" failed="1" skipped="0">
  <reporter-output>
  </reporter-output>
  <suite started-at="2022-04-28T15:28:13 IST" name="Suite" finished-at="2022-04-28T15:30:31 IST" duration-ms="138497">
    <groups>
    </groups>
    <test started-at="2022-04-28T15:28:13 IST" name="Test" finished-at="2022-04-28T15:30:31 IST" duration-ms="138497">
      <class name="com.TestLayer.LoginPageTest">
        <test-method is-config="true" signature="setUp()[pri:0, instance:com.TestLayer.LoginPageTest@4b8ee4de]" started-at="2022-04-28T15:30:08 IST" name="setUp" finished-at="2022-04-28T15:30:24 IST" duration-ms="16383" status="PASS">
          <reporter-output>
          </reporter-output>
        </test-method> <!-- setUp -->
        <test-method signature="validateLoginFunctionality()[pri:0, instance:com.TestLayer.LoginPageTest@4b8ee4de]" started-at="2022-04-28T15:30:24 IST" name="validateLoginFunctionality" finished-at="2022-04-28T15:30:31 IST" duration-ms="6242" status="PASS">
          <reporter-output>
          </reporter-output>
        </test-method> <!-- validateLoginFunctionality -->
        <test-method is-config="true" signature="tearDown()[pri:0, instance:com.TestLayer.LoginPageTest@4b8ee4de]" started-at="2022-04-28T15:30:31 IST" name="tearDown" finished-at="2022-04-28T15:30:31 IST" duration-ms="711" status="PASS">
          <reporter-output>
          </reporter-output>
        </test-method> <!-- tearDown -->
      </class> <!-- com.TestLayer.LoginPageTest -->
      <class name="com.TestLayer.HomePageTest">
        <test-method is-config="true" signature="setUp()[pri:0, instance:com.TestLayer.HomePageTest@47d9a273]" started-at="2022-04-28T15:29:24 IST" name="setUp" finished-at="2022-04-28T15:29:44 IST" duration-ms="19950" status="PASS">
          <reporter-output>
          </reporter-output>
        </test-method> <!-- setUp -->
        <test-method signature="validateLogin()[pri:1, instance:com.TestLayer.HomePageTest@47d9a273]" started-at="2022-04-28T15:29:44 IST" name="validateLogin" finished-at="2022-04-28T15:29:53 IST" duration-ms="8467" status="PASS">
          <reporter-output>
          </reporter-output>
        </test-method> <!-- validateLogin -->
        <test-method signature="validateTitle()[pri:2, instance:com.TestLayer.HomePageTest@47d9a273]" started-at="2022-04-28T15:29:53 IST" name="validateTitle" finished-at="2022-04-28T15:29:53 IST" duration-ms="57" status="PASS">
          <reporter-output>
          </reporter-output>
        </test-method> <!-- validateTitle -->
        <test-method signature="validateUrl()[pri:3, instance:com.TestLayer.HomePageTest@47d9a273]" started-at="2022-04-28T15:29:53 IST" name="validateUrl" finished-at="2022-04-28T15:29:53 IST" duration-ms="31" status="PASS">
          <reporter-output>
          </reporter-output>
        </test-method> <!-- validateUrl -->
        <test-method signature="validateLogo()[pri:4, instance:com.TestLayer.HomePageTest@47d9a273]" started-at="2022-04-28T15:29:53 IST" name="validateLogo" finished-at="2022-04-28T15:29:53 IST" duration-ms="110" status="PASS">
          <reporter-output>
          </reporter-output>
        </test-method> <!-- validateLogo -->
        <test-method signature="validateAdminPage()[pri:5, instance:com.TestLayer.HomePageTest@47d9a273]" started-at="2022-04-28T15:29:53 IST" name="validateAdminPage" finished-at="2022-04-28T15:29:57 IST" duration-ms="3703" status="PASS">
          <reporter-output>
          </reporter-output>
        </test-method> <!-- validateAdminPage -->
        <test-method signature="validatePimPage()[pri:6, instance:com.TestLayer.HomePageTest@47d9a273]" started-at="2022-04-28T15:29:57 IST" name="validatePimPage" finished-at="2022-04-28T15:29:59 IST" duration-ms="2378" status="PASS">
          <reporter-output>
          </reporter-output>
        </test-method> <!-- validatePimPage -->
        <test-method signature="validateleavePage()[pri:7, instance:com.TestLayer.HomePageTest@47d9a273]" started-at="2022-04-28T15:29:59 IST" name="validateleavePage" finished-at="2022-04-28T15:30:02 IST" duration-ms="3378" status="PASS">
          <reporter-output>
          </reporter-output>
        </test-method> <!-- validateleavePage -->
        <test-method signature="validateMyInfoPage()[pri:8, instance:com.TestLayer.HomePageTest@47d9a273]" started-at="2022-04-28T15:30:02 IST" name="validateMyInfoPage" finished-at="2022-04-28T15:30:07 IST" duration-ms="5063" status="PASS">
          <reporter-output>
          </reporter-output>
        </test-method> <!-- validateMyInfoPage -->
        <test-method is-config="true" signature="tearDown()[pri:0, instance:com.TestLayer.HomePageTest@47d9a273]" started-at="2022-04-28T15:30:07 IST" name="tearDown" finished-at="2022-04-28T15:30:08 IST" duration-ms="708" status="PASS">
          <reporter-output>
          </reporter-output>
        </test-method> <!-- tearDown -->
      </class> <!-- com.TestLayer.HomePageTest -->
      <class name="com.TestLayer.PIMPageTest">
        <test-method is-config="true" signature="setUp()[pri:0, instance:com.TestLayer.PIMPageTest@82de64a]" started-at="2022-04-28T15:28:13 IST" name="setUp" finished-at="2022-04-28T15:28:35 IST" duration-ms="21751" status="PASS">
          <reporter-output>
          </reporter-output>
        </test-method> <!-- setUp -->
        <test-method signature="loginFunctionality()[pri:1, instance:com.TestLayer.PIMPageTest@82de64a]" started-at="2022-04-28T15:28:35 IST" name="loginFunctionality" finished-at="2022-04-28T15:28:43 IST" duration-ms="8182" status="PASS">
          <reporter-output>
          </reporter-output>
        </test-method> <!-- loginFunctionality -->
        <test-method signature="validateHomePageTitle()[pri:2, instance:com.TestLayer.PIMPageTest@82de64a]" started-at="2022-04-28T15:28:43 IST" name="validateHomePageTitle" finished-at="2022-04-28T15:28:43 IST" duration-ms="205" status="PASS">
          <reporter-output>
          </reporter-output>
        </test-method> <!-- validateHomePageTitle -->
        <test-method signature="validateHomePageUrl()[pri:3, instance:com.TestLayer.PIMPageTest@82de64a]" started-at="2022-04-28T15:28:43 IST" name="validateHomePageUrl" finished-at="2022-04-28T15:28:43 IST" duration-ms="34" status="PASS">
          <reporter-output>
          </reporter-output>
        </test-method> <!-- validateHomePageUrl -->
        <test-method signature="validateHomePagelogo()[pri:4, instance:com.TestLayer.PIMPageTest@82de64a]" started-at="2022-04-28T15:28:43 IST" name="validateHomePagelogo" finished-at="2022-04-28T15:28:44 IST" duration-ms="666" status="PASS">
          <reporter-output>
          </reporter-output>
        </test-method> <!-- validateHomePagelogo -->
        <test-method signature="validateHomePagePIMPage()[pri:5, instance:com.TestLayer.PIMPageTest@82de64a]" started-at="2022-04-28T15:28:44 IST" name="validateHomePagePIMPage" finished-at="2022-04-28T15:28:48 IST" duration-ms="3675" status="PASS">
          <reporter-output>
          </reporter-output>
        </test-method> <!-- validateHomePagePIMPage -->
        <test-method signature="validateCreateNewUserFunctionality()[pri:6, instance:com.TestLayer.PIMPageTest@82de64a]" started-at="2022-04-28T15:28:48 IST" name="validateCreateNewUserFunctionality" finished-at="2022-04-28T15:28:53 IST" duration-ms="5217" status="PASS">
          <reporter-output>
          </reporter-output>
        </test-method> <!-- validateCreateNewUserFunctionality -->
        <test-method signature="validateMorePersonalInformation()[pri:7, instance:com.TestLayer.PIMPageTest@82de64a]" started-at="2022-04-28T15:28:53 IST" name="validateMorePersonalInformation" finished-at="2022-04-28T15:28:59 IST" duration-ms="6259" status="PASS">
          <reporter-output>
          </reporter-output>
        </test-method> <!-- validateMorePersonalInformation -->
        <test-method signature="validateJobDetailFunctionality()[pri:8, instance:com.TestLayer.PIMPageTest@82de64a]" started-at="2022-04-28T15:28:59 IST" name="validateJobDetailFunctionality" finished-at="2022-04-28T15:29:17 IST" duration-ms="18378" status="FAIL">
          <exception class="org.openqa.selenium.StaleElementReferenceException">
            <message>
              <![CDATA[stale element reference: element is not attached to the page document
  (Session info: chrome=100.0.4896.127)
For documentation on this error, please visit: https://selenium.dev/exceptions/#stale_element_reference
Build info: version: '4.1.3', revision: '7b1ebf28ef'
System info: host: 'DESKTOP-4DEEQQQ', ip: '192.168.219.91', os.name: 'Windows 10', os.arch: 'amd64', os.version: '10.0', java.version: '17.0.2'
Driver info: org.openqa.selenium.chrome.ChromeDriver
Command: [96f082f546102194abce094dcc4c46ed, findChildElements {id=24993414-8d54-4b0f-9eb8-479b1a4466b8, using=xpath, value=.//option[normalize-space(.) = "New York Sales Office"]}]
Capabilities {acceptInsecureCerts: false, browserName: chrome, browserVersion: 100.0.4896.127, chrome: {chromedriverVersion: 100.0.4896.60 (6a5d10861ce8..., userDataDir: C:\Users\Lenovo\AppData\Loc...}, goog:chromeOptions: {debuggerAddress: localhost:65316}, javascriptEnabled: true, networkConnectionEnabled: false, pageLoadStrategy: normal, platform: WINDOWS, platformName: WINDOWS, proxy: Proxy(), se:cdp: ws://localhost:65316/devtoo..., se:cdpVersion: 100.0.4896.127, setWindowRect: true, strictFileInteractability: false, timeouts: {implicit: 0, pageLoad: 300000, script: 30000}, unhandledPromptBehavior: dismiss and notify, webauthn:extension:credBlob: true, webauthn:extension:largeBlob: true, webauthn:virtualAuthenticators: true}
Session ID: 96f082f546102194abce094dcc4c46ed]]>
            </message>
            <full-stacktrace>
              <![CDATA[org.openqa.selenium.StaleElementReferenceException: stale element reference: element is not attached to the page document
  (Session info: chrome=100.0.4896.127)
For documentation on this error, please visit: https://selenium.dev/exceptions/#stale_element_reference
Build info: version: '4.1.3', revision: '7b1ebf28ef'
System info: host: 'DESKTOP-4DEEQQQ', ip: '192.168.219.91', os.name: 'Windows 10', os.arch: 'amd64', os.version: '10.0', java.version: '17.0.2'
Driver info: org.openqa.selenium.chrome.ChromeDriver
Command: [96f082f546102194abce094dcc4c46ed, findChildElements {id=24993414-8d54-4b0f-9eb8-479b1a4466b8, using=xpath, value=.//option[normalize-space(.) = "New York Sales Office"]}]
Capabilities {acceptInsecureCerts: false, browserName: chrome, browserVersion: 100.0.4896.127, chrome: {chromedriverVersion: 100.0.4896.60 (6a5d10861ce8..., userDataDir: C:\Users\Lenovo\AppData\Loc...}, goog:chromeOptions: {debuggerAddress: localhost:65316}, javascriptEnabled: true, networkConnectionEnabled: false, pageLoadStrategy: normal, platform: WINDOWS, platformName: WINDOWS, proxy: Proxy(), se:cdp: ws://localhost:65316/devtoo..., se:cdpVersion: 100.0.4896.127, setWindowRect: true, strictFileInteractability: false, timeouts: {implicit: 0, pageLoad: 300000, script: 30000}, unhandledPromptBehavior: dismiss and notify, webauthn:extension:credBlob: true, webauthn:extension:largeBlob: true, webauthn:virtualAuthenticators: true}
Session ID: 96f082f546102194abce094dcc4c46ed
at java.base/jdk.internal.reflect.NativeConstructorAccessorImpl.newInstance0(Native Method)
at java.base/jdk.internal.reflect.NativeConstructorAccessorImpl.newInstance(NativeConstructorAccessorImpl.java:77)
at java.base/jdk.internal.reflect.DelegatingConstructorAccessorImpl.newInstance(DelegatingConstructorAccessorImpl.java:45)
at java.base/java.lang.reflect.Constructor.newInstanceWithCaller(Constructor.java:499)
at java.base/java.lang.reflect.Constructor.newInstance(Constructor.java:480)
at org.openqa.selenium.remote.codec.w3c.W3CHttpResponseCodec.createException(W3CHttpResponseCodec.java:200)
at org.openqa.selenium.remote.codec.w3c.W3CHttpResponseCodec.decode(W3CHttpResponseCodec.java:133)
at org.openqa.selenium.remote.codec.w3c.W3CHttpResponseCodec.decode(W3CHttpResponseCodec.java:53)
at org.openqa.selenium.remote.HttpCommandExecutor.execute(HttpCommandExecutor.java:184)
at org.openqa.selenium.remote.service.DriverCommandExecutor.invokeExecute(DriverCommandExecutor.java:167)
at org.openqa.selenium.remote.service.DriverCommandExecutor.execute(DriverCommandExecutor.java:142)
at org.openqa.selenium.remote.RemoteWebDriver.execute(RemoteWebDriver.java:567)
at org.openqa.selenium.remote.ElementLocation$ElementFinder$2.findElements(ElementLocation.java:179)
at org.openqa.selenium.remote.ElementLocation.findElements(ElementLocation.java:102)
at org.openqa.selenium.remote.RemoteWebDriver.findElements(RemoteWebDriver.java:400)
at org.openqa.selenium.remote.RemoteWebElement.findElements(RemoteWebElement.java:213)
at java.base/jdk.internal.reflect.NativeMethodAccessorImpl.invoke0(Native Method)
at java.base/jdk.internal.reflect.NativeMethodAccessorImpl.invoke(NativeMethodAccessorImpl.java:77)
at java.base/jdk.internal.reflect.DelegatingMethodAccessorImpl.invoke(DelegatingMethodAccessorImpl.java:43)
at java.base/java.lang.reflect.Method.invoke(Method.java:568)
at org.openqa.selenium.support.pagefactory.internal.LocatingElementHandler.invoke(LocatingElementHandler.java:52)
at jdk.proxy2/jdk.proxy2.$Proxy17.findElements(Unknown Source)
at org.openqa.selenium.support.ui.Select.selectByVisibleText(Select.java:114)
at com.UtilsLayer.SelectMethods.selectValueByVisibleText(SelectMethods.java:13)
at com.PageLayer.PIMPage.addMoreJobDetails(PIMPage.java:171)
at com.TestLayer.PIMPageTest.validateJobDetailFunctionality(PIMPageTest.java:63)
at java.base/jdk.internal.reflect.NativeMethodAccessorImpl.invoke0(Native Method)
at java.base/jdk.internal.reflect.NativeMethodAccessorImpl.invoke(NativeMethodAccessorImpl.java:77)
at java.base/jdk.internal.reflect.DelegatingMethodAccessorImpl.invoke(DelegatingMethodAccessorImpl.java:43)
at java.base/java.lang.reflect.Method.invoke(Method.java:568)
at org.testng.internal.MethodInvocationHelper.invokeMethod(MethodInvocationHelper.java:133)
at org.testng.internal.TestInvoker.invokeMethod(TestInvoker.java:598)
at org.testng.internal.TestInvoker.invokeTestMethod(TestInvoker.java:173)
at org.testng.internal.MethodRunner.runInSequence(MethodRunner.java:46)
at org.testng.internal.TestInvoker$MethodInvocationAgent.invoke(TestInvoker.java:824)
at org.testng.internal.TestInvoker.invokeTestMethods(TestInvoker.java:146)
at org.testng.internal.TestMethodWorker.invokeTestMethods(TestMethodWorker.java:146)
at org.testng.internal.TestMethodWorker.run(TestMethodWorker.java:128)
at java.base/java.util.ArrayList.forEach(ArrayList.java:1511)
at org.testng.TestRunner.privateRun(TestRunner.java:794)
at org.testng.TestRunner.run(TestRunner.java:596)
at org.testng.SuiteRunner.runTest(SuiteRunner.java:377)
at org.testng.SuiteRunner.runSequentially(SuiteRunner.java:371)
at org.testng.SuiteRunner.privateRun(SuiteRunner.java:332)
at org.testng.SuiteRunner.run(SuiteRunner.java:276)
at org.testng.SuiteRunnerWorker.runSuite(SuiteRunnerWorker.java:53)
at org.testng.SuiteRunnerWorker.run(SuiteRunnerWorker.java:96)
at org.testng.TestNG.runSuitesSequentially(TestNG.java:1212)
at org.testng.TestNG.runSuitesLocally(TestNG.java:1134)
at org.testng.TestNG.runSuites(TestNG.java:1063)
at org.testng.TestNG.run(TestNG.java:1031)
at org.testng.remote.AbstractRemoteTestNG.run(AbstractRemoteTestNG.java:115)
at org.testng.remote.RemoteTestNG.initAndRun(RemoteTestNG.java:251)
at org.testng.remote.RemoteTestNG.main(RemoteTestNG.java:77)
]]>
            </full-stacktrace>
          </exception> <!-- org.openqa.selenium.StaleElementReferenceException -->
          <reporter-output>
          </reporter-output>
        </test-method> <!-- validateJobDetailFunctionality -->
        <test-method signature="validateUserandDelete()[pri:9, instance:com.TestLayer.PIMPageTest@82de64a]" started-at="2022-04-28T15:29:18 IST" name="validateUserandDelete" finished-at="2022-04-28T15:29:24 IST" duration-ms="6035" status="PASS">
          <reporter-output>
          </reporter-output>
        </test-method> <!-- validateUserandDelete -->
        <test-method is-config="true" signature="tearDown()[pri:0, instance:com.TestLayer.PIMPageTest@82de64a]" started-at="2022-04-28T15:29:24 IST" name="tearDown" finished-at="2022-04-28T15:29:24 IST" duration-ms="662" status="PASS">
          <reporter-output>
          </reporter-output>
        </test-method> <!-- tearDown -->
      </class> <!-- com.TestLayer.PIMPageTest -->
    </test> <!-- Test -->
  </suite> <!-- Suite -->
</testng-results>
