<?xml version="1.0" encoding="UTF-8"?>
<!-- Generated by org.testng.reporters.JUnitXMLReporter -->
<testsuite ignored="0" hostname="DESKTOP-4DEEQQQ" failures="0" tests="9" name="Test" time="44.269" errors="0" timestamp="2022-04-28T15:01:59 IST">
  <testcase classname="com.TestLayer.PIMPageTest" name="loginFunctionality" time="6.933"/>
  <testcase classname="com.TestLayer.PIMPageTest" name="validateHomePageTitle" time="0.027"/>
  <testcase classname="com.TestLayer.PIMPageTest" name="validateHomePageUrl" time="0.024"/>
  <testcase classname="com.TestLayer.PIMPageTest" name="validateHomePagelogo" time="0.195"/>
  <testcase classname="com.TestLayer.PIMPageTest" name="validateHomePagePIMPage" time="2.744"/>
  <testcase classname="com.TestLayer.PIMPageTest" name="validateCreateNewUserFunctionality" time="4.697"/>
  <testcase classname="com.TestLayer.PIMPageTest" name="validateMorePersonalInformation" time="5.055"/>
  <testcase classname="com.TestLayer.PIMPageTest" name="validateJobDetailFunctionality" time="4.999"/>
  <testcase classname="com.TestLayer.PIMPageTest" name="validateUserandDelete" time="4.558"/>
</testsuite> <!-- Test -->
